# JRE version: OpenJDK Runtime Environment (22.0.1+8) (build 22.0.1+8-16)
# Java VM: OpenJDK 64-Bit Server VM (22.0.1+8-16, mixed mode, sharing, tiered, compressed oops, compressed class ptrs, g1 gc, windows-amd64)
GC Precious Log:
 CardTable entry size: 512
 Card Set container configuration: InlinePtr #cards 5 size 8 Array Of Cards #cards 12 size 40 Howl #buckets 4 coarsen threshold 1843 Howl Bitmap #cards 512 size 80 coarsen threshold 460 Card regions per heap region 1 cards per card region 2048
 CPUs: 4 total, 4 available
 Memory: 3962M
 Large Page Support: Disabled
 NUMA Support: Disabled
 Compressed Oops: Enabled (32-bit)
 Heap Region Size: 1M
 Heap Min Capacity: 8M
 Heap Initial Capacity: 62M
 Heap Max Capacity: 992M
 Pre-touch: Disabled
 Parallel Workers: 4
 Concurrent Workers: 1
 Concurrent Refinement Workers: 4
 Periodic GC: Disabled
Heap:
 garbage-first heap   total reserved 1015808K, committed 54272K, used 43904K [0x00000000c2000000, 0x0000000100000000)
  region size 1024K, 19 young (19456K), 3 survivors (3072K)
 Metaspace       used 64075K, committed 64832K, reserved 1114112K
  class space    used 8759K, committed 9088K, reserved 1048576K
GC Heap History (20 events):
Event: 7.897 GC heap before
{Heap before GC invocations=6 (full 0):
 garbage-first heap   total reserved 1015808K, committed 45056K, used 35645K [0x00000000c2000000, 0x0000000100000000)
  region size 1024K, 22 young (22528K), 2 survivors (2048K)
 Metaspace       used 29257K, committed 29824K, reserved 1114112K
  class space    used 3696K, committed 3968K, reserved 1048576K
}
Event: 7.917 GC heap after
{Heap after GC invocations=7 (full 0):
 garbage-first heap   total reserved 1015808K, committed 45056K, used 17374K [0x00000000c2000000, 0x0000000100000000)
  region size 1024K, 3 young (3072K), 3 survivors (3072K)
 Metaspace       used 29257K, committed 29824K, reserved 1114112K
  class space    used 3696K, committed 3968K, reserved 1048576K
}
Event: 8.913 GC heap before
{Heap before GC invocations=7 (full 0):
 garbage-first heap   total reserved 1015808K, committed 45056K, used 35806K [0x00000000c2000000, 0x0000000100000000)
  region size 1024K, 21 young (21504K), 3 survivors (3072K)
 Metaspace       used 32728K, committed 33280K, reserved 1114112K
  class space    used 4197K, committed 4480K, reserved 1048576K
}
Event: 8.921 GC heap after
{Heap after GC invocations=8 (full 0):
 garbage-first heap   total reserved 1015808K, committed 45056K, used 18708K [0x00000000c2000000, 0x0000000100000000)
  region size 1024K, 2 young (2048K), 2 survivors (2048K)
 Metaspace       used 32728K, committed 33280K, reserved 1114112K
  class space    used 4197K, committed 4480K, reserved 1048576K
}
Event: 9.546 GC heap before
{Heap before GC invocations=8 (full 0):
 garbage-first heap   total reserved 1015808K, committed 45056K, used 27924K [0x00000000c2000000, 0x0000000100000000)
  region size 1024K, 12 young (12288K), 2 survivors (2048K)
 Metaspace       used 35436K, committed 35968K, reserved 1114112K
  class space    used 4636K, committed 4864K, reserved 1048576K
}
Event: 9.551 GC heap after
{Heap after GC invocations=9 (full 0):
 garbage-first heap   total reserved 1015808K, committed 45056K, used 19059K [0x00000000c2000000, 0x0000000100000000)
  region size 1024K, 2 young (2048K), 2 survivors (2048K)
 Metaspace       used 35436K, committed 35968K, reserved 1114112K
  class space    used 4636K, committed 4864K, reserved 1048576K
}
Event: 11.949 GC heap before
{Heap before GC invocations=10 (full 0):
 garbage-first heap   total reserved 1015808K, committed 45056K, used 37491K [0x00000000c2000000, 0x0000000100000000)
  region size 1024K, 21 young (21504K), 2 survivors (2048K)
 Metaspace       used 40994K, committed 41600K, reserved 1114112K
  class space    used 5421K, committed 5696K, reserved 1048576K
}
Event: 11.954 GC heap after
{Heap after GC invocations=11 (full 0):
 garbage-first heap   total reserved 1015808K, committed 45056K, used 20946K [0x00000000c2000000, 0x0000000100000000)
  region size 1024K, 3 young (3072K), 3 survivors (3072K)
 Metaspace       used 40994K, committed 41600K, reserved 1114112K
  class space    used 5421K, committed 5696K, reserved 1048576K
}
Event: 14.451 GC heap before
{Heap before GC invocations=11 (full 0):
 garbage-first heap   total reserved 1015808K, committed 45056K, used 37330K [0x00000000c2000000, 0x0000000100000000)
  region size 1024K, 20 young (20480K), 3 survivors (3072K)
 Metaspace       used 45035K, committed 45632K, reserved 1114112K
  class space    used 5980K, committed 6272K, reserved 1048576K
}
Event: 14.459 GC heap after
{Heap after GC invocations=12 (full 0):
 garbage-first heap   total reserved 1015808K, committed 45056K, used 22291K [0x00000000c2000000, 0x0000000100000000)
  region size 1024K, 2 young (2048K), 2 survivors (2048K)
 Metaspace       used 45035K, committed 45632K, reserved 1114112K
  class space    used 5980K, committed 6272K, reserved 1048576K
}
Event: 15.338 GC heap before
{Heap before GC invocations=12 (full 0):
 garbage-first heap   total reserved 1015808K, committed 45056K, used 38675K [0x00000000c2000000, 0x0000000100000000)
  region size 1024K, 18 young (18432K), 2 survivors (2048K)
 Metaspace       used 50956K, committed 51584K, reserved 1114112K
  class space    used 6914K, committed 7168K, reserved 1048576K
}
Event: 15.343 GC heap after
{Heap after GC invocations=13 (full 0):
 garbage-first heap   total reserved 1015808K, committed 45056K, used 23002K [0x00000000c2000000, 0x0000000100000000)
  region size 1024K, 3 young (3072K), 3 survivors (3072K)
 Metaspace       used 50956K, committed 51584K, reserved 1114112K
  class space    used 6914K, committed 7168K, reserved 1048576K
}
Event: 15.948 GC heap before
{Heap before GC invocations=14 (full 0):
 garbage-first heap   total reserved 1015808K, committed 45056K, used 37338K [0x00000000c2000000, 0x0000000100000000)
  region size 1024K, 17 young (17408K), 3 survivors (3072K)
 Metaspace       used 52583K, committed 53184K, reserved 1114112K
  class space    used 7189K, committed 7488K, reserved 1048576K
}
Event: 15.953 GC heap after
{Heap after GC invocations=15 (full 0):
 garbage-first heap   total reserved 1015808K, committed 45056K, used 23442K [0x00000000c2000000, 0x0000000100000000)
  region size 1024K, 2 young (2048K), 2 survivors (2048K)
 Metaspace       used 52583K, committed 53184K, reserved 1114112K
  class space    used 7189K, committed 7488K, reserved 1048576K
}
Event: 23.022 GC heap before
{Heap before GC invocations=15 (full 0):
 garbage-first heap   total reserved 1015808K, committed 45056K, used 38802K [0x00000000c2000000, 0x0000000100000000)
  region size 1024K, 17 young (17408K), 2 survivors (2048K)
 Metaspace       used 56089K, committed 56768K, reserved 1114112K
  class space    used 7709K, committed 8000K, reserved 1048576K
}
Event: 23.029 GC heap after
{Heap after GC invocations=16 (full 0):
 garbage-first heap   total reserved 1015808K, committed 54272K, used 24676K [0x00000000c2000000, 0x0000000100000000)
  region size 1024K, 3 young (3072K), 3 survivors (3072K)
 Metaspace       used 56089K, committed 56768K, reserved 1114112K
  class space    used 7709K, committed 8000K, reserved 1048576K
}
Event: 24.614 GC heap before
{Heap before GC invocations=16 (full 0):
 garbage-first heap   total reserved 1015808K, committed 54272K, used 46180K [0x00000000c2000000, 0x0000000100000000)
  region size 1024K, 24 young (24576K), 3 survivors (3072K)
 Metaspace       used 59807K, committed 60480K, reserved 1114112K
  class space    used 8189K, committed 8448K, reserved 1048576K
}
Event: 24.624 GC heap after
{Heap after GC invocations=17 (full 0):
 garbage-first heap   total reserved 1015808K, committed 54272K, used 26821K [0x00000000c2000000, 0x0000000100000000)
  region size 1024K, 3 young (3072K), 3 survivors (3072K)
 Metaspace       used 59807K, committed 60480K, reserved 1114112K
  class space    used 8189K, committed 8448K, reserved 1048576K
}
Event: 25.808 GC heap before
{Heap before GC invocations=17 (full 0):
 garbage-first heap   total reserved 1015808K, committed 54272K, used 46277K [0x00000000c2000000, 0x0000000100000000)
  region size 1024K, 22 young (22528K), 3 survivors (3072K)
 Metaspace       used 61922K, committed 62656K, reserved 1114112K
  class space    used 8478K, committed 8768K, reserved 1048576K
}
Event: 25.820 GC heap after
{Heap after GC invocations=18 (full 0):
 garbage-first heap   total reserved 1015808K, committed 54272K, used 29568K [0x00000000c2000000, 0x0000000100000000)
  region size 1024K, 3 young (3072K), 3 survivors (3072K)
 Metaspace       used 61922K, committed 62656K, reserved 1114112K
  class space    used 8478K, committed 8768K, reserved 1048576K
}

